<?xml version="1.0" encoding="UTF-8" ?>
<testsuite tests="10" failures="0" name="UATPAXPEGASUS.RunCucumberTest" time="196.084" errors="0" skipped="0">
  <properties>
    <property name="java.runtime.name" value="Java(TM) SE Runtime Environment"/>
    <property name="java.vm.version" value="14.0.1+7"/>
    <property name="sun.boot.library.path" value="C:\Program Files\Java\jdk-14.0.1\bin"/>
    <property name="user.country.format" value="BS"/>
    <property name="maven.multiModuleProjectDirectory" value="C:\Users\Nghia Huynh\Desktop\UATAPP"/>
    <property name="java.vm.vendor" value="Oracle Corporation"/>
    <property name="java.vendor.url" value="https://java.oracle.com/"/>
    <property name="guice.disable.misplaced.annotation.check" value="true"/>
    <property name="path.separator" value=";"/>
    <property name="java.vm.name" value="Java HotSpot(TM) 64-Bit Server VM"/>
    <property name="sun.os.patch.level" value=""/>
    <property name="user.script" value=""/>
    <property name="user.country" value="US"/>
    <property name="sun.java.launcher" value="SUN_STANDARD"/>
    <property name="java.vm.specification.name" value="Java Virtual Machine Specification"/>
    <property name="user.dir" value="C:\Users\Nghia Huynh\Desktop\UATAPP"/>
    <property name="java.vm.compressedOopsMode" value="32-bit"/>
    <property name="java.runtime.version" value="14.0.1+7"/>
    <property name="os.arch" value="amd64"/>
    <property name="java.io.tmpdir" value="C:\Users\NGHIAH~1\AppData\Local\Temp\"/>
    <property name="line.separator" value="
"/>
    <property name="java.vm.specification.vendor" value="Oracle Corporation"/>
    <property name="user.variant" value=""/>
    <property name="os.name" value="Windows 10"/>
    <property name="classworlds.conf" value="C:\Program Files\apache-maven-3.6.3\bin\..\bin\m2.conf"/>
    <property name="sun.jnu.encoding" value="Cp1252"/>
    <property name="java.library.path" value="C:\Program Files\Java\jdk-14.0.1\bin;C:\Windows\Sun\Java\bin;C:\Windows\system32;C:\Windows;C:\Program Files (x86)\Common Files\Oracle\Java\javapath;C:\Windows\system32;C:\Windows;C:\Windows\System32\Wbem;C:\Windows\System32\WindowsPowerShell\v1.0\;C:\Windows\System32\OpenSSH\;C:\Program Files\nodejs\;C:\Program Files\Java\jdk-14.0.1\bin;C:\Users\Nghia Huynh\AppData\Local\Android\Sdk\platform-tools;C:\Users\Nghia Huynh\AppData\Local\Android\Sdk\tools;C:\Users\Nghia Huynh\AppData\Local\Android\Sdk\tools\bin;C:\Users\Nghia Huynh\AppData\Local\Android\Sdk\tools\bin;C:\Users\Nghia Huynh\AppData\Local\Android\Sdk\tools;C:\Users\Nghia Huynh\AppData\Local\Android\Sdk\platform-tools;C:\Program Files\Git\cmd;C:\Program Files\apache-maven-3.6.3\bin;C:\Users\Nghia Huynh\AppData\Local\Microsoft\WindowsApps;C:\Users\Nghia Huynh\AppData\Local\Programs\Microsoft VS Code\bin;C:\Users\Nghia Huynh\AppData\Roaming\npm;;."/>
    <property name="maven.conf" value="C:\Program Files\apache-maven-3.6.3\bin\../conf"/>
    <property name="jdk.debug" value="release"/>
    <property name="java.class.version" value="58.0"/>
    <property name="java.specification.name" value="Java Platform API Specification"/>
    <property name="sun.management.compiler" value="HotSpot 64-Bit Tiered Compilers"/>
    <property name="os.version" value="10.0"/>
    <property name="library.jansi.path" value="C:\Program Files\apache-maven-3.6.3\bin\..\lib\jansi-native"/>
    <property name="user.home" value="C:\Users\Nghia Huynh"/>
    <property name="user.timezone" value="Asia/Bangkok"/>
    <property name="file.encoding" value="Cp1252"/>
    <property name="java.specification.version" value="14"/>
    <property name="user.name" value="Nghia Huynh"/>
    <property name="java.class.path" value="C:\Program Files\apache-maven-3.6.3\bin\..\boot\plexus-classworlds-2.6.0.jar"/>
    <property name="java.vm.specification.version" value="14"/>
    <property name="sun.arch.data.model" value="64"/>
    <property name="sun.java.command" value="org.codehaus.plexus.classworlds.launcher.Launcher test"/>
    <property name="java.home" value="C:\Program Files\Java\jdk-14.0.1"/>
    <property name="user.language" value="en"/>
    <property name="java.specification.vendor" value="Oracle Corporation"/>
    <property name="java.vm.info" value="mixed mode, sharing"/>
    <property name="java.version" value="14.0.1"/>
    <property name="java.vendor" value="Oracle Corporation"/>
    <property name="sun.stderr.encoding" value="cp437"/>
    <property name="maven.home" value="C:\Program Files\apache-maven-3.6.3\bin\.."/>
    <property name="file.separator" value="\"/>
    <property name="java.version.date" value="2020-04-14"/>
    <property name="java.vendor.url.bug" value="https://bugreport.java.com/bugreport/"/>
    <property name="sun.io.unicode.encoding" value="UnicodeLittle"/>
    <property name="sun.cpu.endian" value="little"/>
    <property name="sun.stdout.encoding" value="cp437"/>
    <property name="sun.cpu.isalist" value="amd64"/>
  </properties>
  <testcase classname="Is it Friday yet?" name="01. Sunday isn&apos;t Friday" time="20.637"/>
  <testcase classname="Is it Friday yet?" name="02. Sunday isn&apos;t Friday" time="20.038"/>
  <testcase classname="Is it Friday yet?" name="03. Sunday isn&apos;t Friday" time="19.048"/>
  <testcase classname="Is it Friday yet?" name="04. Sunday isn&apos;t Friday" time="20.051"/>
  <testcase classname="Is it Friday yet?" name="05. Sunday isn&apos;t Friday" time="19.056"/>
  <testcase classname="Is it Friday yet?" name="01. Sunday isn&apos;t Friday" time="19.034"/>
  <testcase classname="Is it Friday yet?" name="02. Sunday isn&apos;t Friday" time="20.062"/>
  <testcase classname="Is it Friday yet?" name="03. Sunday isn&apos;t Friday" time="19.116"/>
  <testcase classname="Is it Friday yet?" name="04. Sunday isn&apos;t Friday" time="19.017"/>
  <testcase classname="Is it Friday yet?" name="05. Sunday isn&apos;t Friday" time="20.025"/>
</testsuite>